<?xml version="1.0" encoding="UTF-8"?>
<testsuites name="Mocha Tests" time="0.007" tests="24" failures="0">
  <testsuite name="Root Suite" timestamp="2026-02-21T21:05:33" tests="24" time="0.006" failures="0">
    <testcase name="toSql: select all" time="0.000" classname="toSql: select all">
    </testcase>
    <testcase name="toSql: select columns" time="0.001" classname="toSql: select columns">
    </testcase>
    <testcase name="toSql: where string" time="0.000" classname="toSql: where string">
    </testcase>
    <testcase name="toSql: where int" time="0.000" classname="toSql: where int">
    </testcase>
    <testcase name="toSql: SQL injection blocked" time="0.000" classname="toSql: SQL injection blocked">
    </testcase>
    <testcase name="toSql: operator normalization" time="0.000" classname="toSql: operator normalization">
    </testcase>
    <testcase name="toSql: invalid operator fallback" time="0.000" classname="toSql: invalid operator fallback">
    </testcase>
    <testcase name="toSql: multiple where" time="0.000" classname="toSql: multiple where">
    </testcase>
    <testcase name="toSql: order by" time="0.000" classname="toSql: order by">
    </testcase>
    <testcase name="toSql: order by desc" time="0.000" classname="toSql: order by desc">
    </testcase>
    <testcase name="toSql: limit" time="0.000" classname="toSql: limit">
    </testcase>
    <testcase name="toSql: offset" time="0.000" classname="toSql: offset">
    </testcase>
    <testcase name="toSql: complex query" time="0.001" classname="toSql: complex query">
    </testcase>
    <testcase name="toSql: unicode escaping" time="0.000" classname="toSql: unicode escaping">
    </testcase>
    <testcase name="toSql: embedded quotes" time="0.000" classname="toSql: embedded quotes">
    </testcase>
    <testcase name="toSql: empty string" time="0.000" classname="toSql: empty string">
    </testcase>
    <testcase name="toInsertSql: basic insert" time="0.000" classname="toInsertSql: basic insert">
    </testcase>
    <testcase name="toInsertSql: injection blocked" time="0.000" classname="toInsertSql: injection blocked">
    </testcase>
    <testcase name="toSqlQuery: standalone" time="0.000" classname="toSqlQuery: standalone">
    </testcase>
    <testcase name="string escaping" time="0.000" classname="string escaping">
    </testcase>
    <testcase name="string edge cases" time="0.000" classname="string edge cases">
    </testcase>
    <testcase name="numbers and booleans" time="0.000" classname="numbers and booleans">
    </testcase>
    <testcase name="lists" time="0.001" classname="lists">
    </testcase>
    <testcase name="nesting" time="0.000" classname="nesting">
    </testcase>
  </testsuite>
</testsuites>